<!DOCTYPE html PUBLIC "-//W3C//DTD XHTML 1.1//EN" "https://www.w3.org/TR/xhtml11/DTD/xhtml11.dtd">
<html xmlns="https://www.w3.org/1999/xhtml">
<head>
<meta http-equiv="content-type" content="text/html; charset=UTF-8"/>
<title>TestNG Report</title>
<style type="text/css">table {margin-bottom:10px;border-collapse:collapse;empty-cells:show}th,td {border:1px solid #009;padding:.25em .5em}th {vertical-align:bottom}td {vertical-align:top}table a {font-weight:bold}.stripe td {background-color: #E6EBF9}.num {text-align:right}.passedodd td {background-color: #3F3}.passedeven td {background-color: #0A0}.skippedodd td {background-color: #DDD}.skippedeven td {background-color: #CCC}.failedodd td,.attn {background-color: #F33}.failedeven td,.stripe .attn {background-color: #D00}.stacktrace {white-space:pre;font-family:monospace}.totop {font-size:85%;text-align:center;border-bottom:2px solid #000}.invisible {display:none}</style>
</head>
<body>
<table>
<tr><th>Test</th><th># Passed</th><th># Skipped</th><th># Retried</th><th># Failed</th><th>Time (ms)</th><th>Included Groups</th><th>Excluded Groups</th></tr>
<tr><th colspan="8">Suite</th></tr>
<tr><td><a href="#t0">chromeTest</a></td><td class="num">14</td><td class="num">0</td><td class="num">0</td><td class="num attn">1</td><td class="num">227,418</td><td></td><td></td></tr>
<tr class="stripe"><td><a href="#t1">edgeTest</a></td><td class="num">14</td><td class="num">0</td><td class="num">0</td><td class="num attn">1</td><td class="num">165,981</td><td></td><td></td></tr>
<tr><th>Total</th><th class="num">28</th><th class="num">0</th><th class="num">0</th><th class="num attn">2</th><th class="num">393,399</th><th colspan="2"></th></tr>
</table>
<table id='summary'><thead><tr><th>Class</th><th>Method</th><th>Start</th><th>Time (ms)</th></tr></thead><tbody><tr><th colspan="4">Suite</th></tr></tbody><tbody id="t0"><tr><th colspan="4">chromeTest &#8212; failed</th></tr><tr class="failedeven"><td rowspan="1">executePageClasses.ExecuteWorkersPageClass</td><td><a href="#m0">verifyToCreateANewWorker</a></td><td rowspan="1">1687190700830</td><td rowspan="1">25590</td></tr><tr><th colspan="4">chromeTest &#8212; passed</th></tr><tr class="passedeven"><td rowspan="2">executePageClasses.ExecuteClientsPageClass</td><td><a href="#m1">verifySearchFunctionality</a></td><td rowspan="1">1687190621438</td><td rowspan="1">10822</td></tr><tr class="passedeven"><td><a href="#m2">verifyToCreateANewClient</a></td><td rowspan="1">1687190637638</td><td rowspan="1">13532</td></tr><tr class="passedodd"><td rowspan="3">executePageClasses.ExecuteDashboardPageClass</td><td><a href="#m3">verifyClientsTabIsDisplayedorNot</a></td><td rowspan="1">1687190656772</td><td rowspan="1">2339</td></tr><tr class="passedodd"><td><a href="#m4">verifyLogoisDisplayed</a></td><td rowspan="1">1687190686179</td><td rowspan="1">2042</td></tr><tr class="passedodd"><td><a href="#m5">verifyWelocmeMsgIsDisplayedorNot</a></td><td rowspan="1">1687190693690</td><td rowspan="1">1928</td></tr><tr class="passedeven"><td rowspan="2">executePageClasses.ExecuteDedudctionPageClass</td><td><a href="#m6">verifyDeductionPageOpeiningWhileClickingDeductionTab</a></td><td rowspan="1">1687190577287</td><td rowspan="1">2878</td></tr><tr class="passedeven"><td><a href="#m7">verifyToCreateANewDedudction</a></td><td rowspan="1">1687190585382</td><td rowspan="1">6085</td></tr><tr class="passedodd"><td rowspan="5">executePageClasses.ExecuteLoginPageClass</td><td><a href="#m8">verifyCorrectPageIsOpenWhileHittingTheUrl</a></td><td rowspan="1">1687190759453</td><td rowspan="1">7</td></tr><tr class="passedodd"><td><a href="#m9">verifySuccessfullLogin</a></td><td rowspan="1">1687190774113</td><td rowspan="1">1953</td></tr><tr class="passedodd"><td><a href="#m10">verifyUnSuccessfullLogin</a></td><td rowspan="3">1687190787915</td><td rowspan="3">813</td></tr><tr class="passedodd"><td><a href="#m11">verifyUnSuccessfullLogin</a></td></tr><tr class="passedodd"><td><a href="#m12">verifyUnSuccessfullLogin</a></td></tr><tr class="passedeven"><td rowspan="2">executePageClasses.ExecuteWorkersPageClass</td><td><a href="#m13">verifyDeleteFunctionality</a></td><td rowspan="1">1687190748799</td><td rowspan="1">3233</td></tr><tr class="passedeven"><td><a href="#m14">verifySearchFunctionality</a></td><td rowspan="1">1687190734749</td><td rowspan="1">6968</td></tr></tbody>
<tbody id="t1"><tr><th colspan="4">edgeTest &#8212; failed</th></tr><tr class="failedeven"><td rowspan="1">executePageClasses.ExecuteWorkersPageClass</td><td><a href="#m15">verifyToCreateANewWorker</a></td><td rowspan="1">1687190882951</td><td rowspan="1">17167</td></tr><tr><th colspan="4">edgeTest &#8212; passed</th></tr><tr class="passedeven"><td rowspan="2">executePageClasses.ExecuteClientsPageClass</td><td><a href="#m16">verifySearchFunctionality</a></td><td rowspan="1">1687190832543</td><td rowspan="1">3372</td></tr><tr class="passedeven"><td><a href="#m17">verifyToCreateANewClient</a></td><td rowspan="1">1687190843710</td><td rowspan="1">5865</td></tr><tr class="passedodd"><td rowspan="3">executePageClasses.ExecuteDashboardPageClass</td><td><a href="#m18">verifyClientsTabIsDisplayedorNot</a></td><td rowspan="1">1687190856400</td><td rowspan="1">1964</td></tr><tr class="passedodd"><td><a href="#m19">verifyLogoisDisplayed</a></td><td rowspan="1">1687190865363</td><td rowspan="1">2107</td></tr><tr class="passedodd"><td><a href="#m20">verifyWelocmeMsgIsDisplayedorNot</a></td><td rowspan="1">1687190874358</td><td rowspan="1">1898</td></tr><tr class="passedeven"><td rowspan="2">executePageClasses.ExecuteDedudctionPageClass</td><td><a href="#m21">verifyDeductionPageOpeiningWhileClickingDeductionTab</a></td><td rowspan="1">1687190809375</td><td rowspan="1">3146</td></tr><tr class="passedeven"><td><a href="#m22">verifyToCreateANewDedudction</a></td><td rowspan="1">1687190819407</td><td rowspan="1">6242</td></tr><tr class="passedodd"><td rowspan="5">executePageClasses.ExecuteLoginPageClass</td><td><a href="#m23">verifyCorrectPageIsOpenWhileHittingTheUrl</a></td><td rowspan="1">1687190927175</td><td rowspan="1">14</td></tr><tr class="passedodd"><td><a href="#m24">verifySuccessfullLogin</a></td><td rowspan="1">1687190935442</td><td rowspan="1">2272</td></tr><tr class="passedodd"><td><a href="#m25">verifyUnSuccessfullLogin</a></td><td rowspan="3">1687190945771</td><td rowspan="3">1422</td></tr><tr class="passedodd"><td><a href="#m26">verifyUnSuccessfullLogin</a></td></tr><tr class="passedodd"><td><a href="#m27">verifyUnSuccessfullLogin</a></td></tr><tr class="passedeven"><td rowspan="2">executePageClasses.ExecuteWorkersPageClass</td><td><a href="#m28">verifyDeleteFunctionality</a></td><td rowspan="1">1687190917036</td><td rowspan="1">2961</td></tr><tr class="passedeven"><td><a href="#m29">verifySearchFunctionality</a></td><td rowspan="1">1687190906953</td><td rowspan="1">3207</td></tr></tbody>
</table>
<h2>chromeTest</h2><h3 id="m0">executePageClasses.ExecuteWorkersPageClass#verifyToCreateANewWorker</h3><table class="result"><tr><th>Exception</th></tr><tr><td><div class="stacktrace">org.openqa.selenium.NoSuchElementException: no such element: Unable to locate element: {&quot;method&quot;:&quot;xpath&quot;,&quot;selector&quot;:&quot;(//*[contains(text(),&apos;Rijil&apos;)])[2]&quot;}
  (Session info: chrome=114.0.5735.134)
For documentation on this error, please visit: https://selenium.dev/exceptions/#no_such_element
Build info: version: &apos;4.9.0&apos;, revision: &apos;d7057100a6&apos;
System info: os.name: &apos;Windows 11&apos;, os.arch: &apos;amd64&apos;, os.version: &apos;10.0&apos;, java.version: &apos;11.0.17&apos;
Driver info: org.openqa.selenium.chrome.ChromeDriver
Command: [1c82e8c2b0cd38b7ce108af8d860e2d5, findElement {using=xpath, value=(//*[contains(text(),&apos;Rijil&apos;)])[2]}]
Capabilities {acceptInsecureCerts: false, browserName: chrome, browserVersion: 114.0.5735.134, chrome: {chromedriverVersion: 114.0.5735.90 (386bc09e8f4f..., userDataDir: C:\Users\RIJILK~1\AppData\L...}, goog:chromeOptions: {debuggerAddress: localhost:55127}, networkConnectionEnabled: false, pageLoadStrategy: normal, platformName: WINDOWS, proxy: Proxy(), se:cdp: ws://localhost:55127/devtoo..., se:cdpVersion: 114.0.5735.134, setWindowRect: true, strictFileInteractability: false, timeouts: {implicit: 0, pageLoad: 300000, script: 30000}, unhandledPromptBehavior: dismiss and notify, webauthn:extension:credBlob: true, webauthn:extension:largeBlob: true, webauthn:extension:minPinLength: true, webauthn:extension:prf: true, webauthn:virtualAuthenticators: true}
Session ID: 1c82e8c2b0cd38b7ce108af8d860e2d5
	at org.openqa.selenium.remote.codec.w3c.W3CHttpResponseCodec.createException(W3CHttpResponseCodec.java:200)
	at org.openqa.selenium.remote.codec.w3c.W3CHttpResponseCodec.decode(W3CHttpResponseCodec.java:133)
	at org.openqa.selenium.remote.codec.w3c.W3CHttpResponseCodec.decode(W3CHttpResponseCodec.java:53)
	at org.openqa.selenium.remote.HttpCommandExecutor.execute(HttpCommandExecutor.java:193)
	at org.openqa.selenium.remote.service.DriverCommandExecutor.invokeExecute(DriverCommandExecutor.java:183)
	at org.openqa.selenium.remote.service.DriverCommandExecutor.execute(DriverCommandExecutor.java:158)
	at org.openqa.selenium.remote.RemoteWebDriver.execute(RemoteWebDriver.java:543)
	at org.openqa.selenium.remote.ElementLocation$ElementFinder$2.findElement(ElementLocation.java:162)
	at org.openqa.selenium.remote.ElementLocation.findElement(ElementLocation.java:60)
	at org.openqa.selenium.remote.RemoteWebDriver.findElement(RemoteWebDriver.java:352)
	at org.openqa.selenium.remote.RemoteWebDriver.findElement(RemoteWebDriver.java:344)
	at org.openqa.selenium.support.pagefactory.DefaultElementLocator.findElement(DefaultElementLocator.java:70)
	at org.openqa.selenium.support.pagefactory.internal.LocatingElementHandler.invoke(LocatingElementHandler.java:39)
	at com.sun.proxy.$Proxy17.isDisplayed(Unknown Source)
	at utility.GeneralUtilities.isDisplayedMethod(GeneralUtilities.java:45)
	at elementRepository.WorkersPageClass.isCreatedWorkerNameDisplayed(WorkersPageClass.java:234)
	at executePageClasses.ExecuteWorkersPageClass.verifyToCreateANewWorker(ExecuteWorkersPageClass.java:47)
	at java.base/java.util.ArrayList.forEach(ArrayList.java:1541)
... Removed 31 stack frames</div></td></tr></table><p class="totop"><a href="#summary">back to summary</a></p>
<h3 id="m1">executePageClasses.ExecuteClientsPageClass#verifySearchFunctionality</h3><table class="result"><tr><th class="invisible"/></tr></table><p class="totop"><a href="#summary">back to summary</a></p>
<h3 id="m2">executePageClasses.ExecuteClientsPageClass#verifyToCreateANewClient</h3><table class="result"><tr><th class="invisible"/></tr></table><p class="totop"><a href="#summary">back to summary</a></p>
<h3 id="m3">executePageClasses.ExecuteDashboardPageClass#verifyClientsTabIsDisplayedorNot</h3><table class="result"><tr><th class="invisible"/></tr></table><p class="totop"><a href="#summary">back to summary</a></p>
<h3 id="m4">executePageClasses.ExecuteDashboardPageClass#verifyLogoisDisplayed</h3><table class="result"><tr><th class="invisible"/></tr></table><p class="totop"><a href="#summary">back to summary</a></p>
<h3 id="m5">executePageClasses.ExecuteDashboardPageClass#verifyWelocmeMsgIsDisplayedorNot</h3><table class="result"><tr><th class="invisible"/></tr></table><p class="totop"><a href="#summary">back to summary</a></p>
<h3 id="m6">executePageClasses.ExecuteDedudctionPageClass#verifyDeductionPageOpeiningWhileClickingDeductionTab</h3><table class="result"><tr><th class="invisible"/></tr></table><p class="totop"><a href="#summary">back to summary</a></p>
<h3 id="m7">executePageClasses.ExecuteDedudctionPageClass#verifyToCreateANewDedudction</h3><table class="result"><tr><th class="invisible"/></tr></table><p class="totop"><a href="#summary">back to summary</a></p>
<h3 id="m8">executePageClasses.ExecuteLoginPageClass#verifyCorrectPageIsOpenWhileHittingTheUrl</h3><table class="result"><tr><th class="invisible"/></tr></table><p class="totop"><a href="#summary">back to summary</a></p>
<h3 id="m9">executePageClasses.ExecuteLoginPageClass#verifySuccessfullLogin</h3><table class="result"><tr class="param"><th>Parameter #1</th><th>Parameter #2</th></tr><tr class="param stripe"><td>carol</td><td>1q2w3e4r</td></tr></table><p class="totop"><a href="#summary">back to summary</a></p>
<h3 id="m10">executePageClasses.ExecuteLoginPageClass#verifyUnSuccessfullLogin</h3><table class="result"><tr class="param"><th>Parameter #1</th><th>Parameter #2</th></tr><tr class="param stripe"><td>carol11</td><td>1q2w3e4r</td></tr></table><p class="totop"><a href="#summary">back to summary</a></p>
<h3 id="m11">executePageClasses.ExecuteLoginPageClass#verifyUnSuccessfullLogin</h3><table class="result"><tr class="param"><th>Parameter #1</th><th>Parameter #2</th></tr><tr class="param stripe"><td>carol</td><td>1q23ew</td></tr></table><p class="totop"><a href="#summary">back to summary</a></p>
<h3 id="m12">executePageClasses.ExecuteLoginPageClass#verifyUnSuccessfullLogin</h3><table class="result"><tr class="param"><th>Parameter #1</th><th>Parameter #2</th></tr><tr class="param stripe"><td>cc</td><td>wrong</td></tr></table><p class="totop"><a href="#summary">back to summary</a></p>
<h3 id="m13">executePageClasses.ExecuteWorkersPageClass#verifyDeleteFunctionality</h3><table class="result"><tr><th class="invisible"/></tr></table><p class="totop"><a href="#summary">back to summary</a></p>
<h3 id="m14">executePageClasses.ExecuteWorkersPageClass#verifySearchFunctionality</h3><table class="result"><tr><th class="invisible"/></tr></table><p class="totop"><a href="#summary">back to summary</a></p>
<h2>edgeTest</h2><h3 id="m15">executePageClasses.ExecuteWorkersPageClass#verifyToCreateANewWorker</h3><table class="result"><tr><th>Exception</th></tr><tr><td><div class="stacktrace">org.openqa.selenium.NoSuchElementException: no such element: Unable to locate element: {&quot;method&quot;:&quot;xpath&quot;,&quot;selector&quot;:&quot;(//*[contains(text(),&apos;Rijil&apos;)])[2]&quot;}
  (Session info: MicrosoftEdge=114.0.1823.51)
For documentation on this error, please visit: https://selenium.dev/exceptions/#no_such_element
Build info: version: &apos;4.9.0&apos;, revision: &apos;d7057100a6&apos;
System info: os.name: &apos;Windows 11&apos;, os.arch: &apos;amd64&apos;, os.version: &apos;10.0&apos;, java.version: &apos;11.0.17&apos;
Driver info: org.openqa.selenium.edge.EdgeDriver
Command: [feded1fc98089c5b7749635c43057a31, findElement {using=xpath, value=(//*[contains(text(),&apos;Rijil&apos;)])[2]}]
Capabilities {acceptInsecureCerts: false, browserName: msedge, browserVersion: 114.0.1823.51, ms:edgeOptions: {debuggerAddress: localhost:55663}, msedge: {msedgedriverVersion: 114.0.1823.51 (ab4ec67361d1..., userDataDir: C:\Users\RIJILK~1\AppData\L...}, networkConnectionEnabled: false, pageLoadStrategy: normal, platformName: WINDOWS, proxy: Proxy(), se:cdp: ws://localhost:55663/devtoo..., se:cdpVersion: 114.0.1823.51, setWindowRect: true, strictFileInteractability: false, timeouts: {implicit: 0, pageLoad: 300000, script: 30000}, unhandledPromptBehavior: dismiss and notify, webauthn:extension:credBlob: true, webauthn:extension:largeBlob: true, webauthn:extension:minPinLength: true, webauthn:extension:prf: true, webauthn:virtualAuthenticators: true}
Session ID: feded1fc98089c5b7749635c43057a31
	at org.openqa.selenium.remote.codec.w3c.W3CHttpResponseCodec.createException(W3CHttpResponseCodec.java:200)
	at org.openqa.selenium.remote.codec.w3c.W3CHttpResponseCodec.decode(W3CHttpResponseCodec.java:133)
	at org.openqa.selenium.remote.codec.w3c.W3CHttpResponseCodec.decode(W3CHttpResponseCodec.java:53)
	at org.openqa.selenium.remote.HttpCommandExecutor.execute(HttpCommandExecutor.java:193)
	at org.openqa.selenium.remote.service.DriverCommandExecutor.invokeExecute(DriverCommandExecutor.java:183)
	at org.openqa.selenium.remote.service.DriverCommandExecutor.execute(DriverCommandExecutor.java:158)
	at org.openqa.selenium.remote.RemoteWebDriver.execute(RemoteWebDriver.java:543)
	at org.openqa.selenium.remote.ElementLocation$ElementFinder$2.findElement(ElementLocation.java:162)
	at org.openqa.selenium.remote.ElementLocation.findElement(ElementLocation.java:60)
	at org.openqa.selenium.remote.RemoteWebDriver.findElement(RemoteWebDriver.java:352)
	at org.openqa.selenium.remote.RemoteWebDriver.findElement(RemoteWebDriver.java:344)
	at org.openqa.selenium.support.pagefactory.DefaultElementLocator.findElement(DefaultElementLocator.java:70)
	at org.openqa.selenium.support.pagefactory.internal.LocatingElementHandler.invoke(LocatingElementHandler.java:39)
	at com.sun.proxy.$Proxy17.isDisplayed(Unknown Source)
	at utility.GeneralUtilities.isDisplayedMethod(GeneralUtilities.java:45)
	at elementRepository.WorkersPageClass.isCreatedWorkerNameDisplayed(WorkersPageClass.java:234)
	at executePageClasses.ExecuteWorkersPageClass.verifyToCreateANewWorker(ExecuteWorkersPageClass.java:47)
	at java.base/java.util.ArrayList.forEach(ArrayList.java:1541)
... Removed 31 stack frames</div></td></tr></table><p class="totop"><a href="#summary">back to summary</a></p>
<h3 id="m16">executePageClasses.ExecuteClientsPageClass#verifySearchFunctionality</h3><table class="result"><tr><th class="invisible"/></tr></table><p class="totop"><a href="#summary">back to summary</a></p>
<h3 id="m17">executePageClasses.ExecuteClientsPageClass#verifyToCreateANewClient</h3><table class="result"><tr><th class="invisible"/></tr></table><p class="totop"><a href="#summary">back to summary</a></p>
<h3 id="m18">executePageClasses.ExecuteDashboardPageClass#verifyClientsTabIsDisplayedorNot</h3><table class="result"><tr><th class="invisible"/></tr></table><p class="totop"><a href="#summary">back to summary</a></p>
<h3 id="m19">executePageClasses.ExecuteDashboardPageClass#verifyLogoisDisplayed</h3><table class="result"><tr><th class="invisible"/></tr></table><p class="totop"><a href="#summary">back to summary</a></p>
<h3 id="m20">executePageClasses.ExecuteDashboardPageClass#verifyWelocmeMsgIsDisplayedorNot</h3><table class="result"><tr><th class="invisible"/></tr></table><p class="totop"><a href="#summary">back to summary</a></p>
<h3 id="m21">executePageClasses.ExecuteDedudctionPageClass#verifyDeductionPageOpeiningWhileClickingDeductionTab</h3><table class="result"><tr><th class="invisible"/></tr></table><p class="totop"><a href="#summary">back to summary</a></p>
<h3 id="m22">executePageClasses.ExecuteDedudctionPageClass#verifyToCreateANewDedudction</h3><table class="result"><tr><th class="invisible"/></tr></table><p class="totop"><a href="#summary">back to summary</a></p>
<h3 id="m23">executePageClasses.ExecuteLoginPageClass#verifyCorrectPageIsOpenWhileHittingTheUrl</h3><table class="result"><tr><th class="invisible"/></tr></table><p class="totop"><a href="#summary">back to summary</a></p>
<h3 id="m24">executePageClasses.ExecuteLoginPageClass#verifySuccessfullLogin</h3><table class="result"><tr class="param"><th>Parameter #1</th><th>Parameter #2</th></tr><tr class="param stripe"><td>carol</td><td>1q2w3e4r</td></tr></table><p class="totop"><a href="#summary">back to summary</a></p>
<h3 id="m25">executePageClasses.ExecuteLoginPageClass#verifyUnSuccessfullLogin</h3><table class="result"><tr class="param"><th>Parameter #1</th><th>Parameter #2</th></tr><tr class="param stripe"><td>carol</td><td>1q23ew</td></tr></table><p class="totop"><a href="#summary">back to summary</a></p>
<h3 id="m26">executePageClasses.ExecuteLoginPageClass#verifyUnSuccessfullLogin</h3><table class="result"><tr class="param"><th>Parameter #1</th><th>Parameter #2</th></tr><tr class="param stripe"><td>cc</td><td>wrong</td></tr></table><p class="totop"><a href="#summary">back to summary</a></p>
<h3 id="m27">executePageClasses.ExecuteLoginPageClass#verifyUnSuccessfullLogin</h3><table class="result"><tr class="param"><th>Parameter #1</th><th>Parameter #2</th></tr><tr class="param stripe"><td>carol11</td><td>1q2w3e4r</td></tr></table><p class="totop"><a href="#summary">back to summary</a></p>
<h3 id="m28">executePageClasses.ExecuteWorkersPageClass#verifyDeleteFunctionality</h3><table class="result"><tr><th class="invisible"/></tr></table><p class="totop"><a href="#summary">back to summary</a></p>
<h3 id="m29">executePageClasses.ExecuteWorkersPageClass#verifySearchFunctionality</h3><table class="result"><tr><th class="invisible"/></tr></table><p class="totop"><a href="#summary">back to summary</a></p>
</body>
</html>
